status:Opening file: 'map.cub'
status: Processing line: 'NO ./textures/NO.png'
Debug: Loading texture at index 0
Debug: Attempting to load texture from path: ./textures/NO.png
Status: Successfully loaded texture: './textures/NO.png'
Debug: Texture loaded successfully:
- Width: 64
- Height: 64
status: Processing line: 'SO ./textures/SO.png'
Debug: Loading texture at index 1
Debug: Attempting to load texture from path: ./textures/SO.png
Status: Successfully loaded texture: './textures/SO.png'
Debug: Texture loaded successfully:
- Width: 64
- Height: 64
status: Processing line: 'WE ./textures/WE.png'
Debug: Loading texture at index 2
Debug: Attempting to load texture from path: ./textures/WE.png
Status: Successfully loaded texture: './textures/WE.png'
Debug: Texture loaded successfully:
- Width: 64
- Height: 64
status: Processing line: 'EA ./textures/EA.png'
Debug: Loading texture at index 3
Debug: Attempting to load texture from path: ./textures/EA.png
Status: Successfully loaded texture: './textures/EA.png'
Debug: Texture loaded successfully:
- Width: 64
- Height: 64
status: Processing line: 'F 0,0,0'
status: Processing line: 'C 50,50,255'
status: Processing line: '11111111111111111111'
status: Processing line: '10000001000000000001'
status: Processing line: '10000000000000000001'
status: Processing line: '10000000000000000001'
status: Processing line: '10000000000000000001'
status: Processing line: '10000000000000000001'
status: Processing line: '10000001000000000001'
status: Processing line: '10000000000000000101'
status: Processing line: '10000000000000000001'
status: Processing line: '10000000000000000001'
status: Processing line: '100010000000000001N1'
status: Processing line: '11111111111111111111'
status: Player found at (10, 18)
status: Total player positions found: 1
status: Parsed Map Layout:
11111111111111111111
10000001000000000001
10000000000000000001
10000000000000000001
10000000000000000001
10000000000000000001
10000001000000000001
10000000000000000101
10000000000000000001
10000000000000000001
100010000000000001N1
11111111111111111111
